mode: set
akadia/internal/shared/float.go:7.51,9.2 1 0
akadia/internal/shared/float.go:11.53,13.2 1 0
akadia/internal/shared/float.go:15.50,17.2 1 0
akadia/internal/shared/float.go:19.38,21.2 1 0
akadia/internal/shared/page.go:12.12,24.2 1 1
akadia/internal/shared/page.go:30.12,35.23 3 1
akadia/internal/shared/page.go:35.23,38.3 2 1
akadia/internal/shared/page.go:40.2,41.31 2 1
akadia/internal/shared/page.go:41.31,44.3 2 1
akadia/internal/shared/page.go:46.2,56.3 1 1
akadia/internal/shared/pageable.go:12.32,13.17 1 1
akadia/internal/shared/pageable.go:13.17,15.3 1 1
akadia/internal/shared/pageable.go:17.2,17.17 1 1
akadia/internal/shared/pageable.go:17.17,19.3 1 1
akadia/internal/shared/pageable.go:21.2,21.18 1 1
akadia/internal/shared/pageable.go:21.18,23.3 1 1
akadia/internal/shared/pageable.go:26.32,28.2 1 1
akadia/internal/shared/pageable.go:30.33,32.2 1 1
akadia/internal/shared/pageable.go:34.53,37.48 2 1
akadia/internal/shared/pageable.go:37.48,39.3 1 0
akadia/internal/shared/pageable.go:41.2,44.23 3 1
akadia/internal/shared/sort.go:11.10,13.19 2 0
akadia/internal/shared/sort.go:13.19,14.83 1 0
akadia/internal/shared/sort.go:14.83,16.4 1 0
akadia/internal/shared/sort.go:19.2,20.18 2 0
akadia/internal/shared/sort.go:20.18,21.53 1 0
akadia/internal/shared/sort.go:22.14,23.21 1 0
akadia/internal/shared/sort.go:24.15,25.22 1 0
akadia/internal/shared/sort.go:29.2,29.33 1 0
akadia/internal/shared/update_map.go:7.55,8.18 1 0
akadia/internal/shared/update_map.go:8.18,10.3 1 0
akadia/internal/shared/update_map.go:12.2,13.48 2 0
akadia/internal/shared/update_map.go:13.48,15.3 1 0
akadia/internal/shared/update_map.go:17.2,17.32 1 0
