mode: set
akadia/internal/payment/handler/ledger_entry_handler.go:19.29,23.2 1 0
akadia/internal/payment/handler/ledger_entry_handler.go:45.54,50.16 4 0
akadia/internal/payment/handler/ledger_entry_handler.go:50.16,53.3 2 0
akadia/internal/payment/handler/ledger_entry_handler.go:55.2,56.48 2 0
akadia/internal/payment/handler/ledger_entry_handler.go:56.48,59.3 2 0
akadia/internal/payment/handler/ledger_entry_handler.go:61.2,62.16 2 0
akadia/internal/payment/handler/ledger_entry_handler.go:62.16,65.3 2 0
akadia/internal/payment/handler/ledger_entry_handler.go:67.2,67.29 1 0
akadia/internal/payment/handler/ledger_entry_handler.go:85.67,90.16 4 0
akadia/internal/payment/handler/ledger_entry_handler.go:90.16,93.3 2 0
akadia/internal/payment/handler/ledger_entry_handler.go:95.2,96.16 2 0
akadia/internal/payment/handler/ledger_entry_handler.go:96.16,99.3 2 0
akadia/internal/payment/handler/ledger_entry_handler.go:101.2,101.43 1 0
akadia/internal/payment/handler/ledger_entry_handler.go:119.58,124.16 4 0
akadia/internal/payment/handler/ledger_entry_handler.go:124.16,127.3 2 0
akadia/internal/payment/handler/ledger_entry_handler.go:129.2,129.107 1 0
akadia/internal/payment/handler/ledger_entry_handler.go:129.107,132.3 2 0
akadia/internal/payment/handler/ledger_entry_handler.go:134.2,135.16 2 0
akadia/internal/payment/handler/ledger_entry_handler.go:135.16,138.3 2 0
akadia/internal/payment/handler/ledger_entry_handler.go:140.2,140.43 1 0
akadia/internal/payment/handler/payment_allocation_handler.go:19.35,23.2 1 0
akadia/internal/payment/handler/payment_allocation_handler.go:42.61,47.16 4 0
akadia/internal/payment/handler/payment_allocation_handler.go:47.16,50.3 2 0
akadia/internal/payment/handler/payment_allocation_handler.go:52.2,53.47 2 0
akadia/internal/payment/handler/payment_allocation_handler.go:53.47,56.3 2 0
akadia/internal/payment/handler/payment_allocation_handler.go:58.2,59.16 2 0
akadia/internal/payment/handler/payment_allocation_handler.go:59.16,62.3 2 0
akadia/internal/payment/handler/payment_allocation_handler.go:64.2,64.43 1 0
akadia/internal/payment/handler/payment_allocation_handler.go:82.73,87.16 4 0
akadia/internal/payment/handler/payment_allocation_handler.go:87.16,90.3 2 0
akadia/internal/payment/handler/payment_allocation_handler.go:92.2,93.16 2 0
akadia/internal/payment/handler/payment_allocation_handler.go:93.16,96.3 2 0
akadia/internal/payment/handler/payment_allocation_handler.go:98.2,98.43 1 0
akadia/internal/payment/handler/payment_order_handler.go:19.30,23.2 1 0
akadia/internal/payment/handler/payment_order_handler.go:48.55,53.16 4 0
akadia/internal/payment/handler/payment_order_handler.go:53.16,56.3 2 0
akadia/internal/payment/handler/payment_order_handler.go:58.2,59.48 2 0
akadia/internal/payment/handler/payment_order_handler.go:59.48,62.3 2 0
akadia/internal/payment/handler/payment_order_handler.go:64.2,65.16 2 0
akadia/internal/payment/handler/payment_order_handler.go:65.16,68.3 2 0
akadia/internal/payment/handler/payment_order_handler.go:70.2,70.29 1 0
akadia/internal/payment/handler/payment_order_handler.go:88.56,93.16 4 0
akadia/internal/payment/handler/payment_order_handler.go:93.16,96.3 2 0
akadia/internal/payment/handler/payment_order_handler.go:98.2,99.16 2 0
akadia/internal/payment/handler/payment_order_handler.go:99.16,102.3 2 0
akadia/internal/payment/handler/payment_order_handler.go:104.2,105.43 2 0
akadia/internal/payment/handler/payment_order_handler.go:123.54,128.47 4 0
akadia/internal/payment/handler/payment_order_handler.go:128.47,131.3 2 0
akadia/internal/payment/handler/payment_order_handler.go:133.2,134.16 2 0
akadia/internal/payment/handler/payment_order_handler.go:134.16,137.3 2 0
akadia/internal/payment/handler/payment_order_handler.go:139.2,140.43 2 0
akadia/internal/payment/handler/payment_order_handler.go:158.54,163.16 4 0
akadia/internal/payment/handler/payment_order_handler.go:163.16,166.3 2 0
akadia/internal/payment/handler/payment_order_handler.go:168.2,169.16 2 0
akadia/internal/payment/handler/payment_order_handler.go:169.16,172.3 2 0
akadia/internal/payment/handler/payment_order_handler.go:174.2,175.43 2 0
akadia/internal/payment/handler/payment_policy_handler.go:18.108,22.2 1 1
akadia/internal/payment/handler/payment_policy_handler.go:46.56,57.16 6 0
akadia/internal/payment/handler/payment_policy_handler.go:57.16,60.3 2 0
akadia/internal/payment/handler/payment_policy_handler.go:61.2,65.48 3 0
akadia/internal/payment/handler/payment_policy_handler.go:65.48,68.3 2 0
akadia/internal/payment/handler/payment_policy_handler.go:69.2,72.16 3 0
akadia/internal/payment/handler/payment_policy_handler.go:72.16,75.3 2 0
akadia/internal/payment/handler/payment_policy_handler.go:76.2,77.29 2 0
akadia/internal/payment/handler/payment_policy_handler.go:96.57,104.16 6 1
akadia/internal/payment/handler/payment_policy_handler.go:104.16,107.3 2 1
akadia/internal/payment/handler/payment_policy_handler.go:109.2,115.16 2 0
akadia/internal/payment/handler/payment_policy_handler.go:115.16,118.3 2 0
akadia/internal/payment/handler/payment_policy_handler.go:119.2,121.43 2 0
akadia/internal/payment/handler/payment_policy_handler.go:140.55,149.47 5 1
akadia/internal/payment/handler/payment_policy_handler.go:149.47,152.3 2 1
akadia/internal/payment/handler/payment_policy_handler.go:153.2,157.16 3 1
akadia/internal/payment/handler/payment_policy_handler.go:157.16,160.3 2 0
akadia/internal/payment/handler/payment_policy_handler.go:161.2,162.43 2 1
akadia/internal/payment/handler/payment_policy_handler.go:183.55,192.16 5 0
akadia/internal/payment/handler/payment_policy_handler.go:192.16,195.3 2 0
akadia/internal/payment/handler/payment_policy_handler.go:198.2,199.47 2 0
akadia/internal/payment/handler/payment_policy_handler.go:199.47,202.3 2 0
akadia/internal/payment/handler/payment_policy_handler.go:203.2,207.16 3 0
akadia/internal/payment/handler/payment_policy_handler.go:207.16,210.3 2 0
akadia/internal/payment/handler/payment_policy_handler.go:211.2,212.43 2 0
akadia/internal/payment/handler/payment_product_handler.go:17.112,21.2 1 0
akadia/internal/payment/handler/payment_product_handler.go:44.57,49.16 4 0
akadia/internal/payment/handler/payment_product_handler.go:49.16,52.3 2 0
akadia/internal/payment/handler/payment_product_handler.go:54.2,55.48 2 0
akadia/internal/payment/handler/payment_product_handler.go:55.48,58.3 2 0
akadia/internal/payment/handler/payment_product_handler.go:60.2,61.16 2 0
akadia/internal/payment/handler/payment_product_handler.go:61.16,64.3 2 0
akadia/internal/payment/handler/payment_product_handler.go:66.2,66.29 1 0
akadia/internal/payment/handler/payment_product_handler.go:85.58,92.16 5 0
akadia/internal/payment/handler/payment_product_handler.go:92.16,95.3 2 0
akadia/internal/payment/handler/payment_product_handler.go:97.2,103.16 2 0
akadia/internal/payment/handler/payment_product_handler.go:103.16,106.3 2 0
akadia/internal/payment/handler/payment_product_handler.go:108.2,110.43 2 0
akadia/internal/payment/handler/payment_product_handler.go:129.56,134.47 4 0
akadia/internal/payment/handler/payment_product_handler.go:134.47,137.3 2 0
akadia/internal/payment/handler/payment_product_handler.go:139.2,140.16 2 0
akadia/internal/payment/handler/payment_product_handler.go:140.16,143.3 2 0
akadia/internal/payment/handler/payment_product_handler.go:145.2,146.43 2 0
akadia/internal/payment/handler/payment_product_handler.go:167.56,172.16 4 0
akadia/internal/payment/handler/payment_product_handler.go:172.16,175.3 2 0
akadia/internal/payment/handler/payment_product_handler.go:177.2,178.47 2 0
akadia/internal/payment/handler/payment_product_handler.go:178.47,181.3 2 0
akadia/internal/payment/handler/payment_product_handler.go:183.2,184.16 2 0
akadia/internal/payment/handler/payment_product_handler.go:184.16,187.3 2 0
akadia/internal/payment/handler/payment_product_handler.go:189.2,190.43 2 0
akadia/internal/payment/handler/student_obligation_handler.go:19.35,23.2 1 0
akadia/internal/payment/handler/student_obligation_handler.go:40.59,45.47 4 0
akadia/internal/payment/handler/student_obligation_handler.go:45.47,48.3 2 0
akadia/internal/payment/handler/student_obligation_handler.go:50.2,51.16 2 0
akadia/internal/payment/handler/student_obligation_handler.go:51.16,54.3 2 0
akadia/internal/payment/handler/student_obligation_handler.go:56.2,57.43 2 0
akadia/internal/payment/handler/student_obligation_handler.go:75.63,80.47 4 0
akadia/internal/payment/handler/student_obligation_handler.go:80.47,83.3 2 0
akadia/internal/payment/handler/student_obligation_handler.go:85.2,86.16 2 0
akadia/internal/payment/handler/student_obligation_handler.go:86.16,89.3 2 0
akadia/internal/payment/handler/student_obligation_handler.go:91.2,92.43 2 0
akadia/internal/payment/handler/student_obligation_handler.go:118.60,123.16 4 0
akadia/internal/payment/handler/student_obligation_handler.go:123.16,126.3 2 0
akadia/internal/payment/handler/student_obligation_handler.go:128.2,129.48 2 0
akadia/internal/payment/handler/student_obligation_handler.go:129.48,132.3 2 0
akadia/internal/payment/handler/student_obligation_handler.go:134.2,135.16 2 0
akadia/internal/payment/handler/student_obligation_handler.go:135.16,138.3 2 0
akadia/internal/payment/handler/student_obligation_handler.go:140.2,140.29 1 0
akadia/internal/payment/handler/student_obligation_handler.go:158.61,163.16 4 0
akadia/internal/payment/handler/student_obligation_handler.go:163.16,166.3 2 0
akadia/internal/payment/handler/student_obligation_handler.go:168.2,169.16 2 0
akadia/internal/payment/handler/student_obligation_handler.go:169.16,172.3 2 0
akadia/internal/payment/handler/student_obligation_handler.go:174.2,175.43 2 0
akadia/internal/payment/handler/student_obligation_handler.go:195.59,200.16 4 0
akadia/internal/payment/handler/student_obligation_handler.go:200.16,203.3 2 0
akadia/internal/payment/handler/student_obligation_handler.go:205.2,206.47 2 0
akadia/internal/payment/handler/student_obligation_handler.go:206.47,209.3 2 0
akadia/internal/payment/handler/student_obligation_handler.go:211.2,212.16 2 0
akadia/internal/payment/handler/student_obligation_handler.go:212.16,215.3 2 0
akadia/internal/payment/handler/student_obligation_handler.go:217.2,218.43 2 0
akadia/internal/payment/handler/student_obligation_handler.go:236.59,241.16 4 0
akadia/internal/payment/handler/student_obligation_handler.go:241.16,244.3 2 0
akadia/internal/payment/handler/student_obligation_handler.go:246.2,246.96 1 0
akadia/internal/payment/handler/student_obligation_handler.go:246.96,249.3 2 0
akadia/internal/payment/handler/student_obligation_handler.go:251.2,251.44 1 0
akadia/internal/payment/handler/student_obligation_handler.go:269.75,274.16 4 0
akadia/internal/payment/handler/student_obligation_handler.go:274.16,277.3 2 0
akadia/internal/payment/handler/student_obligation_handler.go:279.2,280.16 2 0
akadia/internal/payment/handler/student_obligation_handler.go:280.16,283.3 2 0
akadia/internal/payment/handler/student_obligation_handler.go:285.2,285.43 1 0
