mode: set
akadia/internal/payment/service/ledger_entry_posting.go:25.9,27.16 2 1
akadia/internal/payment/service/ledger_entry_posting.go:27.16,29.3 1 0
akadia/internal/payment/service/ledger_entry_posting.go:30.2,30.62 1 1
akadia/internal/payment/service/ledger_entry_posting.go:30.62,32.3 1 1
akadia/internal/payment/service/ledger_entry_posting.go:33.2,33.40 1 1
akadia/internal/payment/service/ledger_entry_posting.go:33.40,35.3 1 0
akadia/internal/payment/service/ledger_entry_posting.go:37.2,38.16 2 1
akadia/internal/payment/service/ledger_entry_posting.go:38.16,40.3 1 0
akadia/internal/payment/service/ledger_entry_posting.go:41.2,41.12 1 1
akadia/internal/payment/service/ledger_entry_posting.go:41.12,45.3 3 1
akadia/internal/payment/service/ledger_entry_posting.go:47.2,48.16 2 1
akadia/internal/payment/service/ledger_entry_posting.go:48.16,50.3 1 0
akadia/internal/payment/service/ledger_entry_posting.go:51.2,51.27 1 1
akadia/internal/payment/service/ledger_entry_posting.go:51.27,53.3 1 1
akadia/internal/payment/service/ledger_entry_posting.go:55.2,57.41 3 1
akadia/internal/payment/service/ledger_entry_posting.go:57.41,58.58 1 1
akadia/internal/payment/service/ledger_entry_posting.go:58.58,60.4 1 1
akadia/internal/payment/service/ledger_entry_posting.go:61.3,62.72 2 1
akadia/internal/payment/service/ledger_entry_posting.go:64.2,64.66 1 1
akadia/internal/payment/service/ledger_entry_posting.go:64.66,66.3 1 1
akadia/internal/payment/service/ledger_entry_posting.go:68.2,70.16 3 1
akadia/internal/payment/service/ledger_entry_posting.go:70.16,72.3 1 0
akadia/internal/payment/service/ledger_entry_posting.go:73.2,73.44 1 1
akadia/internal/payment/service/ledger_entry_posting.go:73.44,75.3 1 1
akadia/internal/payment/service/ledger_entry_posting.go:77.2,78.41 2 1
akadia/internal/payment/service/ledger_entry_posting.go:78.41,80.3 1 1
akadia/internal/payment/service/ledger_entry_posting.go:82.2,84.16 3 1
akadia/internal/payment/service/ledger_entry_posting.go:84.16,86.3 1 0
akadia/internal/payment/service/ledger_entry_posting.go:87.2,87.45 1 1
akadia/internal/payment/service/ledger_entry_posting.go:87.45,89.3 1 1
akadia/internal/payment/service/ledger_entry_posting.go:91.2,92.16 2 1
akadia/internal/payment/service/ledger_entry_posting.go:92.16,94.3 1 1
akadia/internal/payment/service/ledger_entry_posting.go:96.2,96.78 1 1
akadia/internal/payment/service/ledger_entry_posting.go:96.78,98.3 1 0
akadia/internal/payment/service/ledger_entry_posting.go:100.2,102.12 3 1
akadia/internal/payment/service/ledger_entry_posting.go:110.32,112.16 2 1
akadia/internal/payment/service/ledger_entry_posting.go:112.16,114.3 1 1
akadia/internal/payment/service/ledger_entry_posting.go:116.2,117.41 2 1
akadia/internal/payment/service/ledger_entry_posting.go:117.41,119.3 1 1
akadia/internal/payment/service/ledger_entry_posting.go:121.2,122.49 2 1
akadia/internal/payment/service/ledger_entry_posting.go:122.49,124.3 1 1
akadia/internal/payment/service/ledger_entry_posting.go:126.2,131.41 5 1
akadia/internal/payment/service/ledger_entry_posting.go:131.41,133.14 2 1
akadia/internal/payment/service/ledger_entry_posting.go:133.14,135.4 1 0
akadia/internal/payment/service/ledger_entry_posting.go:137.3,138.14 2 1
akadia/internal/payment/service/ledger_entry_posting.go:138.14,140.4 1 0
akadia/internal/payment/service/ledger_entry_posting.go:142.3,143.17 2 1
akadia/internal/payment/service/ledger_entry_posting.go:143.17,145.4 1 0
akadia/internal/payment/service/ledger_entry_posting.go:146.3,148.43 3 1
akadia/internal/payment/service/ledger_entry_posting.go:151.2,162.40 4 1
akadia/internal/payment/service/ledger_entry_posting.go:162.40,164.3 1 1
akadia/internal/payment/service/ledger_entry_posting.go:165.2,167.43 2 1
akadia/internal/payment/service/ledger_entry_posting.go:167.43,176.3 1 1
akadia/internal/payment/service/ledger_entry_posting.go:178.2,178.55 1 1
akadia/internal/payment/service/ledger_entry_posting.go:178.55,180.3 1 0
akadia/internal/payment/service/ledger_entry_posting.go:182.2,182.21 1 1
akadia/internal/payment/service/ledger_entry_posting.go:185.63,186.23 1 1
akadia/internal/payment/service/ledger_entry_posting.go:186.23,188.3 1 0
akadia/internal/payment/service/ledger_entry_posting.go:190.2,193.32 3 1
akadia/internal/payment/service/ledger_entry_posting.go:193.32,197.28 3 1
akadia/internal/payment/service/ledger_entry_posting.go:197.28,199.4 1 0
akadia/internal/payment/service/ledger_entry_posting.go:201.3,202.30 2 1
akadia/internal/payment/service/ledger_entry_posting.go:205.2,205.49 1 1
akadia/internal/payment/service/ledger_entry_posting.go:205.49,207.3 1 0
akadia/internal/payment/service/ledger_entry_posting.go:209.2,209.12 1 1
akadia/internal/payment/service/ledger_entry_posting.go:214.27,215.23 1 1
akadia/internal/payment/service/ledger_entry_posting.go:216.31,217.57 1 0
akadia/internal/payment/service/ledger_entry_posting.go:218.39,219.57 1 0
akadia/internal/payment/service/ledger_entry_posting.go:220.31,221.66 1 0
akadia/internal/payment/service/ledger_entry_posting.go:222.41,223.77 1 1
akadia/internal/payment/service/ledger_entry_posting.go:224.37,225.57 1 0
akadia/internal/payment/service/ledger_entry_posting.go:226.10,227.56 1 1
akadia/internal/payment/service/ledger_entry_posting.go:231.58,233.2 1 1
akadia/internal/payment/service/ledger_entry_service.go:22.29,28.2 1 1
akadia/internal/payment/service/ledger_entry_service.go:34.9,35.62 1 1
akadia/internal/payment/service/ledger_entry_service.go:35.62,37.3 1 1
akadia/internal/payment/service/ledger_entry_service.go:39.2,39.92 1 1
akadia/internal/payment/service/ledger_entry_service.go:39.92,41.3 1 0
akadia/internal/payment/service/ledger_entry_service.go:43.2,43.82 1 1
akadia/internal/payment/service/ledger_entry_service.go:43.82,45.3 1 1
akadia/internal/payment/service/ledger_entry_service.go:52.41,53.62 1 1
akadia/internal/payment/service/ledger_entry_service.go:53.62,55.3 1 1
akadia/internal/payment/service/ledger_entry_service.go:57.2,57.92 1 1
akadia/internal/payment/service/ledger_entry_service.go:57.92,59.3 1 0
akadia/internal/payment/service/ledger_entry_service.go:61.2,62.16 2 1
akadia/internal/payment/service/ledger_entry_service.go:62.16,64.3 1 0
akadia/internal/payment/service/ledger_entry_service.go:66.2,66.53 1 1
akadia/internal/payment/service/ledger_entry_service.go:74.53,75.62 1 1
akadia/internal/payment/service/ledger_entry_service.go:75.62,77.3 1 1
akadia/internal/payment/service/ledger_entry_service.go:79.2,80.16 2 1
akadia/internal/payment/service/ledger_entry_service.go:80.16,82.3 1 0
akadia/internal/payment/service/ledger_entry_service.go:84.2,87.8 1 1
akadia/internal/payment/service/ledger_entry_service.go:90.72,91.30 1 1
akadia/internal/payment/service/ledger_entry_service.go:92.84,93.13 1 1
akadia/internal/payment/service/ledger_entry_service.go:94.10,95.36 1 1
akadia/internal/payment/service/payment_allocation_service.go:25.35,33.2 1 0
akadia/internal/payment/service/payment_allocation_service.go:40.44,42.16 2 0
akadia/internal/payment/service/payment_allocation_service.go:42.16,44.3 1 0
akadia/internal/payment/service/payment_allocation_service.go:45.2,45.60 1 0
akadia/internal/payment/service/payment_allocation_service.go:45.60,47.3 1 0
akadia/internal/payment/service/payment_allocation_service.go:48.2,48.31 1 0
akadia/internal/payment/service/payment_allocation_service.go:48.31,50.3 1 0
akadia/internal/payment/service/payment_allocation_service.go:52.2,55.45 4 0
akadia/internal/payment/service/payment_allocation_service.go:55.45,56.58 1 0
akadia/internal/payment/service/payment_allocation_service.go:56.58,58.4 1 0
akadia/internal/payment/service/payment_allocation_service.go:59.3,59.76 1 0
akadia/internal/payment/service/payment_allocation_service.go:59.76,61.4 1 0
akadia/internal/payment/service/payment_allocation_service.go:62.3,64.47 3 0
akadia/internal/payment/service/payment_allocation_service.go:66.2,66.57 1 0
akadia/internal/payment/service/payment_allocation_service.go:66.57,68.3 1 0
akadia/internal/payment/service/payment_allocation_service.go:70.2,78.85 4 0
akadia/internal/payment/service/payment_allocation_service.go:78.85,80.17 2 0
akadia/internal/payment/service/payment_allocation_service.go:80.17,82.4 1 0
akadia/internal/payment/service/payment_allocation_service.go:83.3,83.67 1 0
akadia/internal/payment/service/payment_allocation_service.go:83.67,85.4 1 0
akadia/internal/payment/service/payment_allocation_service.go:87.3,88.17 2 0
akadia/internal/payment/service/payment_allocation_service.go:88.17,90.4 1 0
akadia/internal/payment/service/payment_allocation_service.go:92.3,94.50 3 0
akadia/internal/payment/service/payment_allocation_service.go:94.50,97.4 2 0
akadia/internal/payment/service/payment_allocation_service.go:98.3,98.46 1 0
akadia/internal/payment/service/payment_allocation_service.go:98.46,99.64 1 0
akadia/internal/payment/service/payment_allocation_service.go:99.64,101.5 1 0
akadia/internal/payment/service/payment_allocation_service.go:104.3,104.97 1 0
akadia/internal/payment/service/payment_allocation_service.go:104.97,106.4 1 0
akadia/internal/payment/service/payment_allocation_service.go:108.3,109.17 2 0
akadia/internal/payment/service/payment_allocation_service.go:109.17,111.4 1 0
akadia/internal/payment/service/payment_allocation_service.go:112.3,112.54 1 0
akadia/internal/payment/service/payment_allocation_service.go:112.54,114.4 1 0
akadia/internal/payment/service/payment_allocation_service.go:116.3,117.42 2 0
akadia/internal/payment/service/payment_allocation_service.go:117.42,119.4 1 0
akadia/internal/payment/service/payment_allocation_service.go:121.3,122.42 2 0
akadia/internal/payment/service/payment_allocation_service.go:122.42,124.4 1 0
akadia/internal/payment/service/payment_allocation_service.go:126.3,127.17 2 0
akadia/internal/payment/service/payment_allocation_service.go:127.17,129.4 1 0
akadia/internal/payment/service/payment_allocation_service.go:131.3,132.50 2 0
akadia/internal/payment/service/payment_allocation_service.go:132.50,134.4 1 0
akadia/internal/payment/service/payment_allocation_service.go:136.3,138.55 3 0
akadia/internal/payment/service/payment_allocation_service.go:138.55,140.15 2 0
akadia/internal/payment/service/payment_allocation_service.go:140.15,142.5 1 0
akadia/internal/payment/service/payment_allocation_service.go:143.4,143.60 1 0
akadia/internal/payment/service/payment_allocation_service.go:143.60,145.5 1 0
akadia/internal/payment/service/payment_allocation_service.go:147.4,148.15 2 0
akadia/internal/payment/service/payment_allocation_service.go:148.15,150.5 1 0
akadia/internal/payment/service/payment_allocation_service.go:151.4,151.43 1 0
akadia/internal/payment/service/payment_allocation_service.go:151.43,153.5 1 0
akadia/internal/payment/service/payment_allocation_service.go:155.4,160.18 2 0
akadia/internal/payment/service/payment_allocation_service.go:160.18,162.5 1 0
akadia/internal/payment/service/payment_allocation_service.go:164.4,166.45 3 0
akadia/internal/payment/service/payment_allocation_service.go:166.45,168.57 2 0
akadia/internal/payment/service/payment_allocation_service.go:168.57,170.6 1 0
akadia/internal/payment/service/payment_allocation_service.go:173.4,182.6 2 0
akadia/internal/payment/service/payment_allocation_service.go:185.3,186.95 2 0
akadia/internal/payment/service/payment_allocation_service.go:186.95,188.4 1 0
akadia/internal/payment/service/payment_allocation_service.go:190.3,190.83 1 0
akadia/internal/payment/service/payment_allocation_service.go:190.83,192.4 1 0
akadia/internal/payment/service/payment_allocation_service.go:193.3,193.42 1 0
akadia/internal/payment/service/payment_allocation_service.go:193.42,199.18 1 0
akadia/internal/payment/service/payment_allocation_service.go:199.18,201.5 1 0
akadia/internal/payment/service/payment_allocation_service.go:203.3,203.95 1 0
akadia/internal/payment/service/payment_allocation_service.go:203.95,205.4 1 0
akadia/internal/payment/service/payment_allocation_service.go:206.3,206.55 1 0
akadia/internal/payment/service/payment_allocation_service.go:206.55,207.108 1 0
akadia/internal/payment/service/payment_allocation_service.go:207.108,209.5 1 0
akadia/internal/payment/service/payment_allocation_service.go:212.3,212.13 1 0
akadia/internal/payment/service/payment_allocation_service.go:213.17,215.3 1 0
akadia/internal/payment/service/payment_allocation_service.go:217.2,217.65 1 0
akadia/internal/payment/service/payment_allocation_service.go:224.44,226.16 2 0
akadia/internal/payment/service/payment_allocation_service.go:226.16,228.3 1 0
akadia/internal/payment/service/payment_allocation_service.go:230.2,231.16 2 0
akadia/internal/payment/service/payment_allocation_service.go:231.16,233.3 1 0
akadia/internal/payment/service/payment_allocation_service.go:235.2,236.41 2 0
akadia/internal/payment/service/payment_allocation_service.go:236.41,238.3 1 0
akadia/internal/payment/service/payment_allocation_service.go:240.2,246.8 1 0
akadia/internal/payment/service/payment_allocation_service.go:253.9,254.61 1 0
akadia/internal/payment/service/payment_allocation_service.go:254.61,256.3 1 0
akadia/internal/payment/service/payment_allocation_service.go:258.2,258.91 1 0
akadia/internal/payment/service/payment_allocation_service.go:258.91,260.3 1 0
akadia/internal/payment/service/payment_allocation_service.go:262.2,262.32 1 0
akadia/internal/payment/service/payment_allocation_service.go:262.32,264.67 1 0
akadia/internal/payment/service/payment_allocation_service.go:264.67,266.4 1 0
akadia/internal/payment/service/payment_allocation_service.go:268.3,270.59 2 0
akadia/internal/payment/service/payment_allocation_service.go:270.59,272.4 1 0
akadia/internal/payment/service/payment_allocation_service.go:275.2,275.96 1 0
akadia/internal/payment/service/payment_allocation_service.go:275.96,277.3 1 0
akadia/internal/payment/service/payment_allocation_service.go:279.2,279.12 1 0
akadia/internal/payment/service/payment_order_service.go:28.30,37.2 1 0
akadia/internal/payment/service/payment_order_service.go:44.54,46.16 2 0
akadia/internal/payment/service/payment_order_service.go:46.16,48.3 1 0
akadia/internal/payment/service/payment_order_service.go:50.2,53.8 1 0
akadia/internal/payment/service/payment_order_service.go:60.32,62.16 2 0
akadia/internal/payment/service/payment_order_service.go:62.16,64.3 1 0
akadia/internal/payment/service/payment_order_service.go:66.2,66.125 1 0
akadia/internal/payment/service/payment_order_service.go:66.125,68.3 1 0
akadia/internal/payment/service/payment_order_service.go:70.2,70.26 1 0
akadia/internal/payment/service/payment_order_service.go:77.32,78.30 1 0
akadia/internal/payment/service/payment_order_service.go:78.30,80.3 1 0
akadia/internal/payment/service/payment_order_service.go:81.2,81.41 1 0
akadia/internal/payment/service/payment_order_service.go:81.41,83.3 1 0
akadia/internal/payment/service/payment_order_service.go:84.2,84.51 1 0
akadia/internal/payment/service/payment_order_service.go:84.51,86.3 1 0
akadia/internal/payment/service/payment_order_service.go:88.2,88.111 1 0
akadia/internal/payment/service/payment_order_service.go:88.111,90.3 1 0
akadia/internal/payment/service/payment_order_service.go:92.2,93.16 2 0
akadia/internal/payment/service/payment_order_service.go:93.16,95.3 1 0
akadia/internal/payment/service/payment_order_service.go:96.2,96.47 1 0
akadia/internal/payment/service/payment_order_service.go:96.47,98.3 1 0
akadia/internal/payment/service/payment_order_service.go:99.2,99.55 1 0
akadia/internal/payment/service/payment_order_service.go:99.55,101.3 1 0
akadia/internal/payment/service/payment_order_service.go:103.2,116.69 3 0
akadia/internal/payment/service/payment_order_service.go:116.69,118.3 1 0
akadia/internal/payment/service/payment_order_service.go:120.2,120.26 1 0
akadia/internal/payment/service/payment_order_service.go:127.32,129.16 2 0
akadia/internal/payment/service/payment_order_service.go:129.16,131.3 1 0
akadia/internal/payment/service/payment_order_service.go:132.2,132.40 1 0
akadia/internal/payment/service/payment_order_service.go:132.40,134.3 1 0
akadia/internal/payment/service/payment_order_service.go:135.2,135.60 1 0
akadia/internal/payment/service/payment_order_service.go:135.60,137.3 1 0
akadia/internal/payment/service/payment_order_service.go:139.2,140.16 2 0
akadia/internal/payment/service/payment_order_service.go:140.16,142.3 1 0
akadia/internal/payment/service/payment_order_service.go:143.2,143.33 1 0
akadia/internal/payment/service/payment_order_service.go:143.33,145.3 1 0
akadia/internal/payment/service/payment_order_service.go:147.2,147.103 1 0
akadia/internal/payment/service/payment_order_service.go:147.103,149.3 1 0
akadia/internal/payment/service/payment_order_service.go:151.2,151.41 1 0
akadia/internal/payment/service/payment_order_service.go:154.55,160.2 1 0
akadia/internal/payment/service/payment_order_service.go:162.77,163.16 1 0
akadia/internal/payment/service/payment_order_service.go:168.33,169.14 1 0
akadia/internal/payment/service/payment_order_service.go:170.10,171.15 1 0
akadia/internal/payment/service/payment_order_service.go:180.27,182.16 2 0
akadia/internal/payment/service/payment_order_service.go:182.16,184.3 1 0
akadia/internal/payment/service/payment_order_service.go:185.2,185.46 1 0
akadia/internal/payment/service/payment_order_service.go:185.46,187.3 1 0
akadia/internal/payment/service/payment_order_service.go:189.2,189.30 1 0
akadia/internal/payment/service/payment_order_service.go:190.28,192.17 2 0
akadia/internal/payment/service/payment_order_service.go:192.17,194.4 1 0
akadia/internal/payment/service/payment_order_service.go:195.3,195.14 1 0
akadia/internal/payment/service/payment_order_service.go:195.14,197.4 1 0
akadia/internal/payment/service/payment_order_service.go:198.29,199.74 1 0
akadia/internal/payment/service/payment_order_service.go:199.74,201.4 1 0
akadia/internal/payment/service/payment_order_service.go:204.2,204.21 1 0
akadia/internal/payment/service/payment_policy_service.go:18.96,23.2 1 0
akadia/internal/payment/service/payment_policy_service.go:29.33,31.2 1 0
akadia/internal/payment/service/payment_policy_service.go:38.55,40.16 2 0
akadia/internal/payment/service/payment_policy_service.go:40.16,42.3 1 0
akadia/internal/payment/service/payment_policy_service.go:44.2,47.8 1 0
akadia/internal/payment/service/payment_policy_service.go:54.33,67.66 3 0
akadia/internal/payment/service/payment_policy_service.go:67.66,69.3 1 0
akadia/internal/payment/service/payment_policy_service.go:71.2,71.71 1 0
akadia/internal/payment/service/payment_policy_service.go:71.71,73.3 1 0
akadia/internal/payment/service/payment_policy_service.go:74.2,74.27 1 0
akadia/internal/payment/service/payment_policy_service.go:104.33,106.16 2 0
akadia/internal/payment/service/payment_policy_service.go:106.16,108.3 1 0
akadia/internal/payment/service/payment_policy_service.go:110.2,111.21 2 0
akadia/internal/payment/service/payment_policy_service.go:111.21,113.3 1 0
akadia/internal/payment/service/payment_policy_service.go:114.2,114.21 1 0
akadia/internal/payment/service/payment_policy_service.go:114.21,116.3 1 0
akadia/internal/payment/service/payment_policy_service.go:117.2,117.28 1 0
akadia/internal/payment/service/payment_policy_service.go:117.28,119.3 1 0
akadia/internal/payment/service/payment_policy_service.go:120.2,120.29 1 0
akadia/internal/payment/service/payment_policy_service.go:120.29,122.3 1 0
akadia/internal/payment/service/payment_policy_service.go:123.2,123.30 1 0
akadia/internal/payment/service/payment_policy_service.go:123.30,125.3 1 0
akadia/internal/payment/service/payment_policy_service.go:126.2,126.34 1 0
akadia/internal/payment/service/payment_policy_service.go:126.34,128.3 1 0
akadia/internal/payment/service/payment_policy_service.go:129.2,129.33 1 0
akadia/internal/payment/service/payment_policy_service.go:129.33,131.3 1 0
akadia/internal/payment/service/payment_policy_service.go:132.2,132.36 1 0
akadia/internal/payment/service/payment_policy_service.go:132.36,134.3 1 0
akadia/internal/payment/service/payment_policy_service.go:136.2,137.60 2 0
akadia/internal/payment/service/payment_policy_service.go:137.60,139.3 1 0
akadia/internal/payment/service/payment_policy_service.go:141.2,141.26 1 0
akadia/internal/payment/service/payment_policy_service.go:141.26,145.3 3 0
akadia/internal/payment/service/payment_policy_service.go:147.2,153.16 2 0
akadia/internal/payment/service/payment_policy_service.go:153.16,155.3 1 0
akadia/internal/payment/service/payment_policy_service.go:157.2,159.27 2 0
akadia/internal/payment/service/payment_policy_service.go:164.3,165.33 1 0
akadia/internal/payment/service/payment_policy_service.go:165.33,168.3 2 0
akadia/internal/payment/service/payment_policy_service.go:173.9,174.54 1 0
akadia/internal/payment/service/payment_policy_service.go:174.54,176.3 1 0
akadia/internal/payment/service/payment_policy_service.go:178.2,179.61 1 0
akadia/internal/payment/service/payment_policy_service.go:179.61,181.3 1 0
akadia/internal/payment/service/payment_policy_service.go:183.2,185.55 1 0
akadia/internal/payment/service/payment_policy_service.go:185.55,187.3 1 0
akadia/internal/payment/service/payment_policy_service.go:189.2,189.12 1 0
akadia/internal/payment/service/payment_product_revenue_account.go:28.82,32.2 3 0
akadia/internal/payment/service/payment_product_revenue_account.go:36.27,40.58 3 1
akadia/internal/payment/service/payment_product_revenue_account.go:40.58,47.3 1 1
akadia/internal/payment/service/payment_product_revenue_account.go:49.2,50.58 2 1
akadia/internal/payment/service/payment_product_revenue_account.go:50.58,52.3 1 0
akadia/internal/payment/service/payment_product_revenue_account.go:54.2,57.8 1 1
akadia/internal/payment/service/payment_product_revenue_account.go:62.20,66.58 3 1
akadia/internal/payment/service/payment_product_revenue_account.go:66.58,67.84 1 0
akadia/internal/payment/service/payment_product_revenue_account.go:67.84,69.4 1 0
akadia/internal/payment/service/payment_product_revenue_account.go:71.2,71.58 1 1
akadia/internal/payment/service/payment_product_revenue_account.go:71.58,72.107 1 0
akadia/internal/payment/service/payment_product_revenue_account.go:72.107,74.4 1 0
akadia/internal/payment/service/payment_product_revenue_account.go:76.2,76.58 1 1
akadia/internal/payment/service/payment_product_revenue_account.go:76.58,78.3 1 1
akadia/internal/payment/service/payment_product_revenue_account.go:80.2,80.93 1 1
akadia/internal/payment/service/payment_product_revenue_account.go:86.20,89.9 2 1
akadia/internal/payment/service/payment_product_revenue_account.go:90.84,91.35 1 0
akadia/internal/payment/service/payment_product_revenue_account.go:92.92,93.40 1 1
akadia/internal/payment/service/payment_product_revenue_account.go:94.88,95.36 1 0
akadia/internal/payment/service/payment_product_revenue_account.go:96.88,97.35 1 0
akadia/internal/payment/service/payment_product_revenue_account.go:98.82,99.32 1 0
akadia/internal/payment/service/payment_product_revenue_account.go:100.10,101.43 1 0
akadia/internal/payment/service/payment_product_service.go:19.98,25.2 1 0
akadia/internal/payment/service/payment_product_service.go:32.56,34.16 2 0
akadia/internal/payment/service/payment_product_service.go:34.16,36.3 1 0
akadia/internal/payment/service/payment_product_service.go:38.2,41.8 1 0
akadia/internal/payment/service/payment_product_service.go:49.34,51.2 1 0
akadia/internal/payment/service/payment_product_service.go:57.34,58.40 1 0
akadia/internal/payment/service/payment_product_service.go:58.40,60.3 1 0
akadia/internal/payment/service/payment_product_service.go:62.2,63.18 2 0
akadia/internal/payment/service/payment_product_service.go:63.18,65.3 1 0
akadia/internal/payment/service/payment_product_service.go:66.2,66.42 1 0
akadia/internal/payment/service/payment_product_service.go:66.42,68.3 1 0
akadia/internal/payment/service/payment_product_service.go:70.2,71.16 2 0
akadia/internal/payment/service/payment_product_service.go:71.16,73.3 1 0
akadia/internal/payment/service/payment_product_service.go:74.2,89.73 4 0
akadia/internal/payment/service/payment_product_service.go:89.73,91.3 1 0
akadia/internal/payment/service/payment_product_service.go:93.2,93.28 1 0
akadia/internal/payment/service/payment_product_service.go:101.34,103.16 2 0
akadia/internal/payment/service/payment_product_service.go:103.16,105.3 1 0
akadia/internal/payment/service/payment_product_service.go:107.2,108.32 2 0
akadia/internal/payment/service/payment_product_service.go:108.32,110.17 2 0
akadia/internal/payment/service/payment_product_service.go:110.17,112.4 1 0
akadia/internal/payment/service/payment_product_service.go:113.3,114.48 2 0
akadia/internal/payment/service/payment_product_service.go:116.2,116.21 1 0
akadia/internal/payment/service/payment_product_service.go:116.21,118.3 1 0
akadia/internal/payment/service/payment_product_service.go:119.2,119.21 1 0
akadia/internal/payment/service/payment_product_service.go:119.21,121.3 1 0
akadia/internal/payment/service/payment_product_service.go:122.2,122.28 1 0
akadia/internal/payment/service/payment_product_service.go:122.28,124.3 1 0
akadia/internal/payment/service/payment_product_service.go:125.2,125.35 1 0
akadia/internal/payment/service/payment_product_service.go:125.35,127.3 1 0
akadia/internal/payment/service/payment_product_service.go:128.2,128.35 1 0
akadia/internal/payment/service/payment_product_service.go:128.35,130.3 1 0
akadia/internal/payment/service/payment_product_service.go:131.2,131.22 1 0
akadia/internal/payment/service/payment_product_service.go:131.22,133.3 1 0
akadia/internal/payment/service/payment_product_service.go:134.2,134.23 1 0
akadia/internal/payment/service/payment_product_service.go:134.23,136.3 1 0
akadia/internal/payment/service/payment_product_service.go:137.2,139.43 2 0
akadia/internal/payment/service/payment_product_service.go:139.43,141.3 1 0
akadia/internal/payment/service/payment_product_service.go:142.2,142.49 1 0
akadia/internal/payment/service/payment_product_service.go:142.49,144.3 1 0
akadia/internal/payment/service/payment_product_service.go:146.2,155.16 4 0
akadia/internal/payment/service/payment_product_service.go:155.16,157.3 1 0
akadia/internal/payment/service/payment_product_service.go:159.2,159.41 1 0
akadia/internal/payment/service/payment_product_service.go:162.74,163.16 1 0
akadia/internal/payment/service/payment_product_service.go:164.76,165.14 1 0
akadia/internal/payment/service/payment_product_service.go:166.10,167.15 1 0
akadia/internal/payment/service/student_obligation_service.go:27.35,35.2 1 0
akadia/internal/payment/service/student_obligation_service.go:41.37,42.26 1 0
akadia/internal/payment/service/student_obligation_service.go:42.26,44.3 1 0
akadia/internal/payment/service/student_obligation_service.go:46.2,47.16 2 0
akadia/internal/payment/service/student_obligation_service.go:47.16,49.3 1 0
akadia/internal/payment/service/student_obligation_service.go:51.2,61.16 2 0
akadia/internal/payment/service/student_obligation_service.go:61.16,63.3 1 0
akadia/internal/payment/service/student_obligation_service.go:65.2,65.79 1 0
akadia/internal/payment/service/student_obligation_service.go:65.79,67.3 1 0
akadia/internal/payment/service/student_obligation_service.go:69.2,69.31 1 0
akadia/internal/payment/service/student_obligation_service.go:77.59,79.16 2 0
akadia/internal/payment/service/student_obligation_service.go:79.16,81.3 1 0
akadia/internal/payment/service/student_obligation_service.go:83.2,86.8 1 0
akadia/internal/payment/service/student_obligation_service.go:93.38,94.30 1 0
akadia/internal/payment/service/student_obligation_service.go:94.30,96.3 1 0
akadia/internal/payment/service/student_obligation_service.go:97.2,97.26 1 0
akadia/internal/payment/service/student_obligation_service.go:97.26,99.3 1 0
akadia/internal/payment/service/student_obligation_service.go:101.2,102.16 2 0
akadia/internal/payment/service/student_obligation_service.go:102.16,104.3 1 0
akadia/internal/payment/service/student_obligation_service.go:106.2,108.39 3 0
akadia/internal/payment/service/student_obligation_service.go:108.39,119.17 2 0
akadia/internal/payment/service/student_obligation_service.go:119.17,121.4 1 0
akadia/internal/payment/service/student_obligation_service.go:123.3,123.70 1 0
akadia/internal/payment/service/student_obligation_service.go:126.2,126.85 1 0
akadia/internal/payment/service/student_obligation_service.go:126.85,128.3 1 0
akadia/internal/payment/service/student_obligation_service.go:128.17,130.3 1 0
akadia/internal/payment/service/student_obligation_service.go:132.2,132.32 1 0
akadia/internal/payment/service/student_obligation_service.go:139.47,141.16 2 0
akadia/internal/payment/service/student_obligation_service.go:141.16,143.3 1 0
akadia/internal/payment/service/student_obligation_service.go:145.2,146.16 2 0
akadia/internal/payment/service/student_obligation_service.go:146.16,148.3 1 0
akadia/internal/payment/service/student_obligation_service.go:150.2,151.16 2 0
akadia/internal/payment/service/student_obligation_service.go:151.16,153.3 1 0
akadia/internal/payment/service/student_obligation_service.go:155.2,159.8 1 0
akadia/internal/payment/service/student_obligation_service.go:166.37,168.16 2 0
akadia/internal/payment/service/student_obligation_service.go:168.16,170.3 1 0
akadia/internal/payment/service/student_obligation_service.go:172.2,173.16 2 0
akadia/internal/payment/service/student_obligation_service.go:173.16,175.3 1 0
akadia/internal/payment/service/student_obligation_service.go:177.2,177.31 1 0
akadia/internal/payment/service/student_obligation_service.go:185.37,187.16 2 0
akadia/internal/payment/service/student_obligation_service.go:187.16,189.3 1 0
akadia/internal/payment/service/student_obligation_service.go:190.2,190.44 1 0
akadia/internal/payment/service/student_obligation_service.go:190.44,192.3 1 0
akadia/internal/payment/service/student_obligation_service.go:194.2,195.24 2 0
akadia/internal/payment/service/student_obligation_service.go:195.24,197.3 1 0
akadia/internal/payment/service/student_obligation_service.go:198.2,198.28 1 0
akadia/internal/payment/service/student_obligation_service.go:198.28,200.3 1 0
akadia/internal/payment/service/student_obligation_service.go:202.2,202.90 1 0
akadia/internal/payment/service/student_obligation_service.go:202.90,204.3 1 0
akadia/internal/payment/service/student_obligation_service.go:206.2,206.41 1 0
akadia/internal/payment/service/student_obligation_service.go:213.9,215.16 2 0
akadia/internal/payment/service/student_obligation_service.go:215.16,217.3 1 0
akadia/internal/payment/service/student_obligation_service.go:219.2,220.16 2 0
akadia/internal/payment/service/student_obligation_service.go:220.16,222.3 1 0
akadia/internal/payment/service/student_obligation_service.go:223.2,223.27 1 0
akadia/internal/payment/service/student_obligation_service.go:223.27,225.3 1 0
akadia/internal/payment/service/student_obligation_service.go:227.2,228.12 2 0
akadia/internal/payment/service/student_obligation_service.go:235.34,242.16 2 0
akadia/internal/payment/service/student_obligation_service.go:242.16,244.3 1 0
akadia/internal/payment/service/student_obligation_service.go:245.2,245.41 1 0
akadia/internal/payment/service/student_obligation_service.go:245.41,247.3 1 0
akadia/internal/payment/service/student_obligation_service.go:249.2,249.28 1 0
akadia/internal/payment/service/student_obligation_service.go:256.27,258.16 2 0
akadia/internal/payment/service/student_obligation_service.go:258.16,260.3 1 0
akadia/internal/payment/service/student_obligation_service.go:261.2,261.46 1 0
akadia/internal/payment/service/student_obligation_service.go:261.46,263.3 1 0
akadia/internal/payment/service/student_obligation_service.go:265.2,265.30 1 0
akadia/internal/payment/service/student_obligation_service.go:266.28,268.17 2 0
akadia/internal/payment/service/student_obligation_service.go:268.17,270.4 1 0
akadia/internal/payment/service/student_obligation_service.go:271.3,271.14 1 0
akadia/internal/payment/service/student_obligation_service.go:271.14,273.4 1 0
akadia/internal/payment/service/student_obligation_service.go:274.29,275.74 1 0
akadia/internal/payment/service/student_obligation_service.go:275.74,277.4 1 0
akadia/internal/payment/service/student_obligation_service.go:280.2,280.21 1 0
akadia/internal/payment/service/student_obligation_service.go:292.37,294.16 2 0
akadia/internal/payment/service/student_obligation_service.go:294.16,296.3 1 0
akadia/internal/payment/service/student_obligation_service.go:297.2,297.46 1 0
akadia/internal/payment/service/student_obligation_service.go:297.46,299.3 1 0
akadia/internal/payment/service/student_obligation_service.go:301.2,302.26 2 0
akadia/internal/payment/service/student_obligation_service.go:302.26,304.3 1 0
akadia/internal/payment/service/student_obligation_service.go:305.2,305.37 1 0
akadia/internal/payment/service/student_obligation_service.go:305.37,307.3 1 0
akadia/internal/payment/service/student_obligation_service.go:309.2,316.16 3 0
akadia/internal/payment/service/student_obligation_service.go:316.16,318.3 1 0
akadia/internal/payment/service/student_obligation_service.go:319.2,319.12 1 0
akadia/internal/payment/service/student_obligation_service.go:319.12,321.3 1 0
akadia/internal/payment/service/student_obligation_service.go:323.2,334.8 2 0
akadia/internal/payment/service/student_obligation_service.go:337.47,340.25 3 1
akadia/internal/payment/service/student_obligation_service.go:340.25,341.28 1 1
akadia/internal/payment/service/student_obligation_service.go:341.28,342.12 1 0
akadia/internal/payment/service/student_obligation_service.go:344.3,345.24 2 1
akadia/internal/payment/service/student_obligation_service.go:347.2,347.12 1 1
akadia/internal/payment/service/student_obligation_service.go:350.68,352.2 1 0
